[2023-09-16 17:30:15] local.ERROR: SQLSTATE[HY000] [1045] Access denied for user 'homestead'@'localhost' (using password: YES) (SQL: select `value`, `key` from `system` where `key` in (additional_js, additional_css)) (View: C:\Users\domin\Desktop\S\payroll-superadmin-instance\resources\views\welcome.blade.php) {"exception":"[object] (ErrorException(code: 0): SQLSTATE[HY000] [1045] Access denied for user 'homestead'@'localhost' (using password: YES) (SQL: select `value`, `key` from `system` where `key` in (additional_js, additional_css)) (View: C:\\Users\\domin\\Desktop\\S\\payroll-superadmin-instance\esources\\views\\welcome.blade.php) at C:\\Users\\domin\\Desktop\\S\\payroll-superadmin-instance\\vendor\\laravel\\framework\\src\\Illuminate\\Database\\Connection.php:664, Illuminate\\Database\\QueryException(code: 1045): SQLSTATE[HY000] [1045] Access denied for user 'homestead'@'localhost' (using password: YES) (SQL: select `value`, `key` from `system` where `key` in (additional_js, additional_css)) at C:\\Users\\domin\\Desktop\\S\\payroll-superadmin-instance\\vendor\\laravel\\framework\\src\\Illuminate\\Database\\Connection.php:664, PDOException(code: 1045): SQLSTATE[HY000] [1045] Access denied for user 'homestead'@'localhost' (using password: YES) at C:\\Users\\domin\\Desktop\\S\\payroll-superadmin-instance\\vendor\\laravel\\framework\\src\\Illuminate\\Database\\Connectors\\Connector.php:70)
[stacktrace]
#0 C:\\Users\\domin\\Desktop\\S\\payroll-superadmin-instance\\vendor\\laravel\\framework\\src\\Illuminate\\View\\Engines\\PhpEngine.php(45): Illuminate\\View\\Engines\\CompilerEngine->handleViewException(Object(Illuminate\\Database\\QueryException), 1)
#1 C:\\Users\\domin\\Desktop\\S\\payroll-superadmin-instance\\vendor\\laravel\\framework\\src\\Illuminate\\View\\Engines\\CompilerEngine.php(59): Illuminate\\View\\Engines\\PhpEngine->evaluatePath('C:\\\\Users\\\\domin\\\\...', Array)
#2 C:\\Users\\domin\\Desktop\\S\\payroll-superadmin-instance\\vendor\\laravel\\framework\\src\\Illuminate\\View\\View.php(142): Illuminate\\View\\Engines\\CompilerEngine->get('C:\\\\Users\\\\domin\\\\...', Array)
#3 C:\\Users\\domin\\Desktop\\S\\payroll-superadmin-instance\\vendor\\laravel\\framework\\src\\Illuminate\\View\\View.php(125): Illuminate\\View\\View->getContents()
#4 C:\\Users\\domin\\Desktop\\S\\payroll-superadmin-instance\\vendor\\laravel\\framework\\src\\Illuminate\\View\\View.php(90): Illuminate\\View\\View->renderContents()
#5 C:\\Users\\domin\\Desktop\\S\\payroll-superadmin-instance\\vendor\\laravel\\framework\\src\\Illuminate\\Http\\Response.php(42): Illuminate\\View\\View->render()
#6 C:\\Users\\domin\\Desktop\\S\\payroll-superadmin-instance\\vendor\\symfony\\http-foundation\\Response.php(205): Illuminate\\Http\\Response->setContent(Object(Illuminate\\View\\View))
#7 C:\\Users\\domin\\Desktop\\S\\payroll-superadmin-instance\\vendor\\laravel\\framework\\src\\Illuminate\\Routing\\Router.php(748): Symfony\\Component\\HttpFoundation\\Response->__construct(Object(Illuminate\\View\\View))
#8 C:\\Users\\domin\\Desktop\\S\\payroll-superadmin-instance\\vendor\\laravel\\framework\\src\\Illuminate\\Routing\\Router.php(720): Illuminate\\Routing\\Router::toResponse(Object(Illuminate\\Http\\Request), Object(Illuminate\\View\\View))
#9 C:\\Users\\domin\\Desktop\\S\\payroll-superadmin-instance\\vendor\\laravel\\framework\\src\\Illuminate\\Routing\\Router.php(680): Illuminate\\Routing\\Router->prepareResponse(Object(Illuminate\\Http\\Request), Object(Illuminate\\View\\View))
#10 C:\\Users\\domin\\Desktop\\S\\payroll-superadmin-instance\\vendor\\laravel\\framework\\src\\Illuminate\\Routing\\Pipeline.php(30): Illuminate\\Routing\\Router->Illuminate\\Routing\\{closure}(Object(Illuminate\\Http\\Request))
#11 C:\\Users\\domin\\Desktop\\S\\payroll-superadmin-instance\\app\\Http\\Middleware\\IsInstalled.php(51): Illuminate\\Routing\\Pipeline->Illuminate\\Routing\\{closure}(Object(Illuminate\\Http\\Request))
#12 C:\\Users\\domin\\Desktop\\S\\payroll-superadmin-instance\\vendor\\laravel\\framework\\src\\Illuminate\\Pipeline\\Pipeline.php(163): App\\Http\\Middleware\\IsInstalled->handle(Object(Illuminate\\Http\\Request), Object(Closure))
#13 C:\\Users\\domin\\Desktop\\S\\payroll-superadmin-instance\\vendor\\laravel\\framework\\src\\Illuminate\\Routing\\Pipeline.php(53): Illuminate\\Pipeline\\Pipeline->Illuminate\\Pipeline\\{closure}(Object(Illuminate\\Http\\Request))
#14 C:\\Users\\domin\\Desktop\\S\\payroll-superadmin-instance\\vendor\\laravel\\framework\\src\\Illuminate\\Routing\\Middleware\\SubstituteBindings.php(41): Illuminate\\Routing\\Pipeline->Illuminate\\Routing\\{closure}(Object(Illuminate\\Http\\Request))
#15 C:\\Users\\domin\\Desktop\\S\\payroll-superadmin-instance\\vendor\\laravel\\framework\\src\\Illuminate\\Pipeline\\Pipeline.php(163): Illuminate\\Routing\\Middleware\\SubstituteBindings->handle(Object(Illuminate\\Http\\Request), Object(Closure))
#16 C:\\Users\\domin\\Desktop\\S\\payroll-superadmin-instance\\vendor\\laravel\\framework\\src\\Illuminate\\Routing\\Pipeline.php(53): Illuminate\\Pipeline\\Pipeline->Illuminate\\Pipeline\\{closure}(Object(Illuminate\\Http\\Request))
#17 C:\\Users\\domin\\Desktop\\S\\payroll-superadmin-instance\\vendor\\laravel\\framework\\src\\Illuminate\\Foundation\\Http\\Middleware\\VerifyCsrfToken.php(75): Illuminate\\Routing\\Pipeline->Illuminate\\Routing\\{closure}(Object(Illuminate\\Http\\Request))
#18 C:\\Users\\domin\\Desktop\\S\\payroll-superadmin-instance\\vendor\\laravel\\framework\\src\\Illuminate\\Pipeline\\Pipeline.php(163): Illuminate\\Foundation\\Http\\Middleware\\VerifyCsrfToken->handle(Object(Illuminate\\Http\\Request), Object(Closure))
#19 C:\\Users\\domin\\Desktop\\S\\payroll-superadmin-instance\\vendor\\laravel\\framework\\src\\Illuminate\\Routing\\Pipeline.php(53): Illuminate\\Pipeline\\Pipeline->Illuminate\\Pipeline\\{closure}(Object(Illuminate\\Http\\Request))
#20 C:\\Users\\domin\\Desktop\\S\\payroll-superadmin-instance\\vendor\\laravel\\framework\\src\\Illuminate\\View\\Middleware\\ShareErrorsFromSession.php(49): Illuminate\\Routing\\Pipeline->Illuminate\\Routing\\{closure}(Object(Illuminate\\Http\\Request))
#21 C:\\Users\\domin\\Desktop\\S\\payroll-superadmin-instance\\vendor\\laravel\\framework\\src\\Illuminate\\Pipeline\\Pipeline.php(163): Illuminate\\View\\Middleware\\ShareErrorsFromSession->handle(Object(Illuminate\\Http\\Request), Object(Closure))
#22 C:\\Users\\domin\\Desktop\\S\\payroll-superadmin-instance\\vendor\\laravel\\framework\\src\\Illuminate\\Routing\\Pipeline.php(53): Illuminate\\Pipeline\\Pipeline->Illuminate\\Pipeline\\{closure}(Object(Illuminate\\Http\\Request))
#23 C:\\Users\\domin\\Desktop\\S\\payroll-superadmin-instance\\vendor\\laravel\\framework\\src\\Illuminate\\Session\\Middleware\\StartSession.php(56): Illuminate\\Routing\\Pipeline->Illuminate\\Routing\\{closure}(Object(Illuminate\\Http\\Request))
#24 C:\\Users\\domin\\Desktop\\S\\payroll-superadmin-instance\\vendor\\laravel\\framework\\src\\Illuminate\\Pipeline\\Pipeline.php(163): Illuminate\\Session\\Middleware\\StartSession->handle(Object(Illuminate\\Http\\Request), Object(Closure))
#25 C:\\Users\\domin\\Desktop\\S\\payroll-superadmin-instance\\vendor\\laravel\\framework\\src\\Illuminate\\Routing\\Pipeline.php(53): Illuminate\\Pipeline\\Pipeline->Illuminate\\Pipeline\\{closure}(Object(Illuminate\\Http\\Request))
#26 C:\\Users\\domin\\Desktop\\S\\payroll-superadmin-instance\\vendor\\laravel\\framework\\src\\Illuminate\\Cookie\\Middleware\\AddQueuedCookiesToResponse.php(37): Illuminate\\Routing\\Pipeline->Illuminate\\Routing\\{closure}(Object(Illuminate\\Http\\Request))
#27 C:\\Users\\domin\\Desktop\\S\\payroll-superadmin-instance\\vendor\\laravel\\framework\\src\\Illuminate\\Pipeline\\Pipeline.php(163): Illuminate\\Cookie\\Middleware\\AddQueuedCookiesToResponse->handle(Object(Illuminate\\Http\\Request), Object(Closure))
#28 C:\\Users\\domin\\Desktop\\S\\payroll-superadmin-instance\\vendor\\laravel\\framework\\src\\Illuminate\\Routing\\Pipeline.php(53): Illuminate\\Pipeline\\Pipeline->Illuminate\\Pipeline\\{closure}(Object(Illuminate\\Http\\Request))
#29 C:\\Users\\domin\\Desktop\\S\\payroll-superadmin-instance\\vendor\\laravel\\framework\\src\\Illuminate\\Cookie\\Middleware\\EncryptCookies.php(66): Illuminate\\Routing\\Pipeline->Illuminate\\Routing\\{closure}(Object(Illuminate\\Http\\Request))
#30 C:\\Users\\domin\\Desktop\\S\\payroll-superadmin-instance\\vendor\\laravel\\framework\\src\\Illuminate\\Pipeline\\Pipeline.php(163): Illuminate\\Cookie\\Middleware\\EncryptCookies->handle(Object(Illuminate\\Http\\Request), Object(Closure))
#31 C:\\Users\\domin\\Desktop\\S\\payroll-superadmin-instance\\vendor\\laravel\\framework\\src\\Illuminate\\Routing\\Pipeline.php(53): Illuminate\\Pipeline\\Pipeline->Illuminate\\Pipeline\\{closure}(Object(Illuminate\\Http\\Request))
#32 C:\\Users\\domin\\Desktop\\S\\payroll-superadmin-instance\\vendor\\laravel\\framework\\src\\Illuminate\\Pipeline\\Pipeline.php(104): Illuminate\\Routing\\Pipeline->Illuminate\\Routing\\{closure}(Object(Illuminate\\Http\\Request))
#33 C:\\Users\\domin\\Desktop\\S\\payroll-superadmin-instance\\vendor\\laravel\\framework\\src\\Illuminate\\Routing\\Router.php(682): Illuminate\\Pipeline\\Pipeline->then(Object(Closure))
#34 C:\\Users\\domin\\Desktop\\S\\payroll-superadmin-instance\\vendor\\laravel\\framework\\src\\Illuminate\\Routing\\Router.php(657): Illuminate\\Routing\\Router->runRouteWithinStack(Object(Illuminate\\Routing\\Route), Object(Illuminate\\Http\\Request))
#35 C:\\Users\\domin\\Desktop\\S\\payroll-superadmin-instance\\vendor\\laravel\\framework\\src\\Illuminate\\Routing\\Router.php(623): Illuminate\\Routing\\Router->runRoute(Object(Illuminate\\Http\\Request), Object(Illuminate\\Routing\\Route))
#36 C:\\Users\\domin\\Desktop\\S\\payroll-superadmin-instance\\vendor\\laravel\\framework\\src\\Illuminate\\Routing\\Router.php(612): Illuminate\\Routing\\Router->dispatchToRoute(Object(Illuminate\\Http\\Request))
#37 C:\\Users\\domin\\Desktop\\S\\payroll-superadmin-instance\\vendor\\laravel\\framework\\src\\Illuminate\\Foundation\\Http\\Kernel.php(176): Illuminate\\Routing\\Router->dispatch(Object(Illuminate\\Http\\Request))
#38 C:\\Users\\domin\\Desktop\\S\\payroll-superadmin-instance\\vendor\\laravel\\framework\\src\\Illuminate\\Routing\\Pipeline.php(30): Illuminate\\Foundation\\Http\\Kernel->Illuminate\\Foundation\\Http\\{closure}(Object(Illuminate\\Http\\Request))
#39 C:\\Users\\domin\\Desktop\\S\\payroll-superadmin-instance\\vendor\\barryvdh\\laravel-debugbar\\src\\Middleware\\InjectDebugbar.php(58): Illuminate\\Routing\\Pipeline->Illuminate\\Routing\\{closure}(Object(Illuminate\\Http\\Request))
#40 C:\\Users\\domin\\Desktop\\S\\payroll-superadmin-instance\\vendor\\laravel\\framework\\src\\Illuminate\\Pipeline\\Pipeline.php(163): Barryvdh\\Debugbar\\Middleware\\InjectDebugbar->handle(Object(Illuminate\\Http\\Request), Object(Closure))
#41 C:\\Users\\domin\\Desktop\\S\\payroll-superadmin-instance\\vendor\\laravel\\framework\\src\\Illuminate\\Routing\\Pipeline.php(53): Illuminate\\Pipeline\\Pipeline->Illuminate\\Pipeline\\{closure}(Object(Illuminate\\Http\\Request))
#42 C:\\Users\\domin\\Desktop\\S\\payroll-superadmin-instance\\vendor\\fideloper\\proxy\\src\\TrustProxies.php(57): Illuminate\\Routing\\Pipeline->Illuminate\\Routing\\{closure}(Object(Illuminate\\Http\\Request))
#43 C:\\Users\\domin\\Desktop\\S\\payroll-superadmin-instance\\vendor\\laravel\\framework\\src\\Illuminate\\Pipeline\\Pipeline.php(163): Fideloper\\Proxy\\TrustProxies->handle(Object(Illuminate\\Http\\Request), Object(Closure))
#44 C:\\Users\\domin\\Desktop\\S\\payroll-superadmin-instance\\vendor\\laravel\\framework\\src\\Illuminate\\Routing\\Pipeline.php(53): Illuminate\\Pipeline\\Pipeline->Illuminate\\Pipeline\\{closure}(Object(Illuminate\\Http\\Request))
#45 C:\\Users\\domin\\Desktop\\S\\payroll-superadmin-instance\\vendor\\laravel\\framework\\src\\Illuminate\\Foundation\\Http\\Middleware\\TransformsRequest.php(21): Illuminate\\Routing\\Pipeline->Illuminate\\Routing\\{closure}(Object(Illuminate\\Http\\Request))
#46 C:\\Users\\domin\\Desktop\\S\\payroll-superadmin-instance\\vendor\\laravel\\framework\\src\\Illuminate\\Pipeline\\Pipeline.php(163): Illuminate\\Foundation\\Http\\Middleware\\TransformsRequest->handle(Object(Illuminate\\Http\\Request), Object(Closure))
#47 C:\\Users\\domin\\Desktop\\S\\payroll-superadmin-instance\\vendor\\laravel\\framework\\src\\Illuminate\\Routing\\Pipeline.php(53): Illuminate\\Pipeline\\Pipeline->Illuminate\\Pipeline\\{closure}(Object(Illuminate\\Http\\Request))
#48 C:\\Users\\domin\\Desktop\\S\\payroll-superadmin-instance\\vendor\\laravel\\framework\\src\\Illuminate\\Foundation\\Http\\Middleware\\TransformsRequest.php(21): Illuminate\\Routing\\Pipeline->Illuminate\\Routing\\{closure}(Object(Illuminate\\Http\\Request))
#49 C:\\Users\\domin\\Desktop\\S\\payroll-superadmin-instance\\vendor\\laravel\\framework\\src\\Illuminate\\Pipeline\\Pipeline.php(163): Illuminate\\Foundation\\Http\\Middleware\\TransformsRequest->handle(Object(Illuminate\\Http\\Request), Object(Closure))
#50 C:\\Users\\domin\\Desktop\\S\\payroll-superadmin-instance\\vendor\\laravel\\framework\\src\\Illuminate\\Routing\\Pipeline.php(53): Illuminate\\Pipeline\\Pipeline->Illuminate\\Pipeline\\{closure}(Object(Illuminate\\Http\\Request))
#51 C:\\Users\\domin\\Desktop\\S\\payroll-superadmin-instance\\vendor\\laravel\\framework\\src\\Illuminate\\Foundation\\Http\\Middleware\\ValidatePostSize.php(27): Illuminate\\Routing\\Pipeline->Illuminate\\Routing\\{closure}(Object(Illuminate\\Http\\Request))
#52 C:\\Users\\domin\\Desktop\\S\\payroll-superadmin-instance\\vendor\\laravel\\framework\\src\\Illuminate\\Pipeline\\Pipeline.php(163): Illuminate\\Foundation\\Http\\Middleware\\ValidatePostSize->handle(Object(Illuminate\\Http\\Request), Object(Closure))
#53 C:\\Users\\domin\\Desktop\\S\\payroll-superadmin-instance\\vendor\\laravel\\framework\\src\\Illuminate\\Routing\\Pipeline.php(53): Illuminate\\Pipeline\\Pipeline->Illuminate\\Pipeline\\{closure}(Object(Illuminate\\Http\\Request))
#54 C:\\Users\\domin\\Desktop\\S\\payroll-superadmin-instance\\vendor\\laravel\\framework\\src\\Illuminate\\Foundation\\Http\\Middleware\\CheckForMaintenanceMode.php(62): Illuminate\\Routing\\Pipeline->Illuminate\\Routing\\{closure}(Object(Illuminate\\Http\\Request))
#55 C:\\Users\\domin\\Desktop\\S\\payroll-superadmin-instance\\vendor\\laravel\\framework\\src\\Illuminate\\Pipeline\\Pipeline.php(163): Illuminate\\Foundation\\Http\\Middleware\\CheckForMaintenanceMode->handle(Object(Illuminate\\Http\\Request), Object(Closure))
#56 C:\\Users\\domin\\Desktop\\S\\payroll-superadmin-instance\\vendor\\laravel\\framework\\src\\Illuminate\\Routing\\Pipeline.php(53): Illuminate\\Pipeline\\Pipeline->Illuminate\\Pipeline\\{closure}(Object(Illuminate\\Http\\Request))
#57 C:\\Users\\domin\\Desktop\\S\\payroll-superadmin-instance\\vendor\\laravel\\framework\\src\\Illuminate\\Pipeline\\Pipeline.php(104): Illuminate\\Routing\\Pipeline->Illuminate\\Routing\\{closure}(Object(Illuminate\\Http\\Request))
#58 C:\\Users\\domin\\Desktop\\S\\payroll-superadmin-instance\\vendor\\laravel\\framework\\src\\Illuminate\\Foundation\\Http\\Kernel.php(151): Illuminate\\Pipeline\\Pipeline->then(Object(Closure))
#59 C:\\Users\\domin\\Desktop\\S\\payroll-superadmin-instance\\vendor\\laravel\\framework\\src\\Illuminate\\Foundation\\Http\\Kernel.php(116): Illuminate\\Foundation\\Http\\Kernel->sendRequestThroughRouter(Object(Illuminate\\Http\\Request))
#60 C:\\Users\\domin\\Desktop\\S\\payroll-superadmin-instance\\public\\index.php(53): Illuminate\\Foundation\\Http\\Kernel->handle(Object(Illuminate\\Http\\Request))
#61 C:\\Users\\domin\\Desktop\\S\\payroll-superadmin-instance\\server.php(21): require_once('C:\\\\Users\\\\domin\\\\...')
#62 {main}
"} 
[2023-09-16 15:35:03] live.ERROR: Using $this when not in object context {"exception":"[object] (Symfony\\Component\\Debug\\Exception\\FatalThrowableError(code: 0): Using $this when not in object context at C:\\Users\\domin\\Desktop\\S\\payroll-superadmin-instance\\vendor\\laravel\\framework\\src\\Illuminate\\Routing\\Route.php:815)
[stacktrace]
#0 C:\\Users\\domin\\Desktop\\S\\payroll-superadmin-instance\outes\\web.php(20): Illuminate\\Routing\\Route::middleware(Array)
#1 C:\\Users\\domin\\Desktop\\S\\payroll-superadmin-instance\\vendor\\laravel\\framework\\src\\Illuminate\\Routing\\RouteFileRegistrar.php(35): require('C:\\\\Users\\\\domin\\\\...')
#2 C:\\Users\\domin\\Desktop\\S\\payroll-superadmin-instance\\vendor\\laravel\\framework\\src\\Illuminate\\Routing\\Router.php(415): Illuminate\\Routing\\RouteFileRegistrar->register('C:\\\\Users\\\\domin\\\\...')
#3 C:\\Users\\domin\\Desktop\\S\\payroll-superadmin-instance\\vendor\\laravel\\framework\\src\\Illuminate\\Routing\\Router.php(373): Illuminate\\Routing\\Router->loadRoutes('C:\\\\Users\\\\domin\\\\...')
#4 C:\\Users\\domin\\Desktop\\S\\payroll-superadmin-instance\\vendor\\laravel\\framework\\src\\Illuminate\\Routing\\RouteRegistrar.php(121): Illuminate\\Routing\\Router->group(Array, 'C:\\\\Users\\\\domin\\\\...')
#5 C:\\Users\\domin\\Desktop\\S\\payroll-superadmin-instance\\app\\Providers\\RouteServiceProvider.php(56): Illuminate\\Routing\\RouteRegistrar->group('C:\\\\Users\\\\domin\\\\...')
#6 C:\\Users\\domin\\Desktop\\S\\payroll-superadmin-instance\\app\\Providers\\RouteServiceProvider.php(40): App\\Providers\\RouteServiceProvider->mapWebRoutes()
#7 [internal function]: App\\Providers\\RouteServiceProvider->map()
#8 C:\\Users\\domin\\Desktop\\S\\payroll-superadmin-instance\\vendor\\laravel\\framework\\src\\Illuminate\\Container\\BoundMethod.php(32): call_user_func_array(Array, Array)
#9 C:\\Users\\domin\\Desktop\\S\\payroll-superadmin-instance\\vendor\\laravel\\framework\\src\\Illuminate\\Container\\BoundMethod.php(90): Illuminate\\Container\\BoundMethod::Illuminate\\Container\\{closure}()
#10 C:\\Users\\domin\\Desktop\\S\\payroll-superadmin-instance\\vendor\\laravel\\framework\\src\\Illuminate\\Container\\BoundMethod.php(34): Illuminate\\Container\\BoundMethod::callBoundMethod(Object(Illuminate\\Foundation\\Application), Array, Object(Closure))
#11 C:\\Users\\domin\\Desktop\\S\\payroll-superadmin-instance\\vendor\\laravel\\framework\\src\\Illuminate\\Container\\Container.php(576): Illuminate\\Container\\BoundMethod::call(Object(Illuminate\\Foundation\\Application), Array, Array, NULL)
#12 C:\\Users\\domin\\Desktop\\S\\payroll-superadmin-instance\\vendor\\laravel\\framework\\src\\Illuminate\\Foundation\\Support\\Providers\\RouteServiceProvider.php(87): Illuminate\\Container\\Container->call(Array)
#13 C:\\Users\\domin\\Desktop\\S\\payroll-superadmin-instance\\vendor\\laravel\\framework\\src\\Illuminate\\Foundation\\Support\\Providers\\RouteServiceProvider.php(36): Illuminate\\Foundation\\Support\\Providers\\RouteServiceProvider->loadRoutes()
#14 C:\\Users\\domin\\Desktop\\S\\payroll-superadmin-instance\\app\\Providers\\RouteServiceProvider.php(28): Illuminate\\Foundation\\Support\\Providers\\RouteServiceProvider->boot()
#15 [internal function]: App\\Providers\\RouteServiceProvider->boot()
#16 C:\\Users\\domin\\Desktop\\S\\payroll-superadmin-instance\\vendor\\laravel\\framework\\src\\Illuminate\\Container\\BoundMethod.php(32): call_user_func_array(Array, Array)
#17 C:\\Users\\domin\\Desktop\\S\\payroll-superadmin-instance\\vendor\\laravel\\framework\\src\\Illuminate\\Container\\BoundMethod.php(90): Illuminate\\Container\\BoundMethod::Illuminate\\Container\\{closure}()
#18 C:\\Users\\domin\\Desktop\\S\\payroll-superadmin-instance\\vendor\\laravel\\framework\\src\\Illuminate\\Container\\BoundMethod.php(34): Illuminate\\Container\\BoundMethod::callBoundMethod(Object(Illuminate\\Foundation\\Application), Array, Object(Closure))
#19 C:\\Users\\domin\\Desktop\\S\\payroll-superadmin-instance\\vendor\\laravel\\framework\\src\\Illuminate\\Container\\Container.php(576): Illuminate\\Container\\BoundMethod::call(Object(Illuminate\\Foundation\\Application), Array, Array, NULL)
#20 C:\\Users\\domin\\Desktop\\S\\payroll-superadmin-instance\\vendor\\laravel\\framework\\src\\Illuminate\\Foundation\\Application.php(827): Illuminate\\Container\\Container->call(Array)
#21 C:\\Users\\domin\\Desktop\\S\\payroll-superadmin-instance\\vendor\\laravel\\framework\\src\\Illuminate\\Foundation\\Application.php(810): Illuminate\\Foundation\\Application->bootProvider(Object(App\\Providers\\RouteServiceProvider))
#22 [internal function]: Illuminate\\Foundation\\Application->Illuminate\\Foundation\\{closure}(Object(App\\Providers\\RouteServiceProvider), 42)
#23 C:\\Users\\domin\\Desktop\\S\\payroll-superadmin-instance\\vendor\\laravel\\framework\\src\\Illuminate\\Foundation\\Application.php(811): array_walk(Array, Object(Closure))
#24 C:\\Users\\domin\\Desktop\\S\\payroll-superadmin-instance\\vendor\\laravel\\framework\\src\\Illuminate\\Foundation\\Bootstrap\\BootProviders.php(17): Illuminate\\Foundation\\Application->boot()
#25 C:\\Users\\domin\\Desktop\\S\\payroll-superadmin-instance\\vendor\\laravel\\framework\\src\\Illuminate\\Foundation\\Application.php(210): Illuminate\\Foundation\\Bootstrap\\BootProviders->bootstrap(Object(Illuminate\\Foundation\\Application))
#26 C:\\Users\\domin\\Desktop\\S\\payroll-superadmin-instance\\vendor\\laravel\\framework\\src\\Illuminate\\Foundation\\Http\\Kernel.php(162): Illuminate\\Foundation\\Application->bootstrapWith(Array)
#27 C:\\Users\\domin\\Desktop\\S\\payroll-superadmin-instance\\vendor\\laravel\\framework\\src\\Illuminate\\Foundation\\Http\\Kernel.php(146): Illuminate\\Foundation\\Http\\Kernel->bootstrap()
#28 C:\\Users\\domin\\Desktop\\S\\payroll-superadmin-instance\\vendor\\laravel\\framework\\src\\Illuminate\\Foundation\\Http\\Kernel.php(116): Illuminate\\Foundation\\Http\\Kernel->sendRequestThroughRouter(Object(Illuminate\\Http\\Request))
#29 C:\\Users\\domin\\Desktop\\S\\payroll-superadmin-instance\\public\\index.php(53): Illuminate\\Foundation\\Http\\Kernel->handle(Object(Illuminate\\Http\\Request))
#30 C:\\Users\\domin\\Desktop\\S\\payroll-superadmin-instance\\server.php(21): require_once('C:\\\\Users\\\\domin\\\\...')
#31 {main}
"} 
[2023-09-16 15:43:19] live.ERROR: Method Illuminate\Routing\Route::get does not exist. {"exception":"[object] (BadMethodCallException(code: 0): Method Illuminate\\Routing\\Route::get does not exist. at C:\\Users\\domin\\Desktop\\S\\payroll-superadmin-instance\\vendor\\laravel\\framework\\src\\Illuminate\\Support\\Traits\\Macroable.php:78)
[stacktrace]
#0 C:\\Users\\domin\\Desktop\\S\\payroll-superadmin-instance\\Modules\\Superadmin\\Http\outes.php(6): Illuminate\\Routing\\Route::__callStatic('get', Array)
#1 C:\\Users\\domin\\Desktop\\S\\payroll-superadmin-instance\\Modules\\Superadmin\\start.php(15): require('C:\\\\Users\\\\domin\\\\...')
#2 C:\\Users\\domin\\Desktop\\S\\payroll-superadmin-instance\\vendor\
widart\\laravel-modules\\src\\Module.php(299): include('C:\\\\Users\\\\domin\\\\...')
#3 C:\\Users\\domin\\Desktop\\S\\payroll-superadmin-instance\\vendor\
widart\\laravel-modules\\src\\Module.php(261): Nwidart\\Modules\\Module->registerFiles()
#4 C:\\Users\\domin\\Desktop\\S\\payroll-superadmin-instance\\vendor\
widart\\laravel-modules\\src\\FileRepository.php(322): Nwidart\\Modules\\Module->register()
#5 C:\\Users\\domin\\Desktop\\S\\payroll-superadmin-instance\\vendor\
widart\\laravel-modules\\src\\Providers\\BootstrapServiceProvider.php(23): Nwidart\\Modules\\FileRepository->register()
#6 C:\\Users\\domin\\Desktop\\S\\payroll-superadmin-instance\\vendor\\laravel\\framework\\src\\Illuminate\\Foundation\\Application.php(607): Nwidart\\Modules\\Providers\\BootstrapServiceProvider->register()
#7 C:\\Users\\domin\\Desktop\\S\\payroll-superadmin-instance\\vendor\
widart\\laravel-modules\\src\\ModulesServiceProvider.php(31): Illuminate\\Foundation\\Application->register(Object(Nwidart\\Modules\\Providers\\BootstrapServiceProvider))
#8 C:\\Users\\domin\\Desktop\\S\\payroll-superadmin-instance\\vendor\
widart\\laravel-modules\\src\\LaravelModulesServiceProvider.php(16): Nwidart\\Modules\\ModulesServiceProvider->registerModules()
#9 [internal function]: Nwidart\\Modules\\LaravelModulesServiceProvider->boot()
#10 C:\\Users\\domin\\Desktop\\S\\payroll-superadmin-instance\\vendor\\laravel\\framework\\src\\Illuminate\\Container\\BoundMethod.php(32): call_user_func_array(Array, Array)
#11 C:\\Users\\domin\\Desktop\\S\\payroll-superadmin-instance\\vendor\\laravel\\framework\\src\\Illuminate\\Container\\BoundMethod.php(90): Illuminate\\Container\\BoundMethod::Illuminate\\Container\\{closure}()
#12 C:\\Users\\domin\\Desktop\\S\\payroll-superadmin-instance\\vendor\\laravel\\framework\\src\\Illuminate\\Container\\BoundMethod.php(34): Illuminate\\Container\\BoundMethod::callBoundMethod(Object(Illuminate\\Foundation\\Application), Array, Object(Closure))
#13 C:\\Users\\domin\\Desktop\\S\\payroll-superadmin-instance\\vendor\\laravel\\framework\\src\\Illuminate\\Container\\Container.php(576): Illuminate\\Container\\BoundMethod::call(Object(Illuminate\\Foundation\\Application), Array, Array, NULL)
#14 C:\\Users\\domin\\Desktop\\S\\payroll-superadmin-instance\\vendor\\laravel\\framework\\src\\Illuminate\\Foundation\\Application.php(827): Illuminate\\Container\\Container->call(Array)
#15 C:\\Users\\domin\\Desktop\\S\\payroll-superadmin-instance\\vendor\\laravel\\framework\\src\\Illuminate\\Foundation\\Application.php(810): Illuminate\\Foundation\\Application->bootProvider(Object(Nwidart\\Modules\\LaravelModulesServiceProvider))
#16 [internal function]: Illuminate\\Foundation\\Application->Illuminate\\Foundation\\{closure}(Object(Nwidart\\Modules\\LaravelModulesServiceProvider), 31)
#17 C:\\Users\\domin\\Desktop\\S\\payroll-superadmin-instance\\vendor\\laravel\\framework\\src\\Illuminate\\Foundation\\Application.php(811): array_walk(Array, Object(Closure))
#18 C:\\Users\\domin\\Desktop\\S\\payroll-superadmin-instance\\vendor\\laravel\\framework\\src\\Illuminate\\Foundation\\Bootstrap\\BootProviders.php(17): Illuminate\\Foundation\\Application->boot()
#19 C:\\Users\\domin\\Desktop\\S\\payroll-superadmin-instance\\vendor\\laravel\\framework\\src\\Illuminate\\Foundation\\Application.php(210): Illuminate\\Foundation\\Bootstrap\\BootProviders->bootstrap(Object(Illuminate\\Foundation\\Application))
#20 C:\\Users\\domin\\Desktop\\S\\payroll-superadmin-instance\\vendor\\laravel\\framework\\src\\Illuminate\\Foundation\\Http\\Kernel.php(162): Illuminate\\Foundation\\Application->bootstrapWith(Array)
#21 C:\\Users\\domin\\Desktop\\S\\payroll-superadmin-instance\\vendor\\laravel\\framework\\src\\Illuminate\\Foundation\\Http\\Kernel.php(146): Illuminate\\Foundation\\Http\\Kernel->bootstrap()
#22 C:\\Users\\domin\\Desktop\\S\\payroll-superadmin-instance\\vendor\\laravel\\framework\\src\\Illuminate\\Foundation\\Http\\Kernel.php(116): Illuminate\\Foundation\\Http\\Kernel->sendRequestThroughRouter(Object(Illuminate\\Http\\Request))
#23 C:\\Users\\domin\\Desktop\\S\\payroll-superadmin-instance\\public\\index.php(53): Illuminate\\Foundation\\Http\\Kernel->handle(Object(Illuminate\\Http\\Request))
#24 C:\\Users\\domin\\Desktop\\S\\payroll-superadmin-instance\\server.php(21): require_once('C:\\\\Users\\\\domin\\\\...')
#25 {main}
"} 
[2023-09-16 15:43:22] live.ERROR: Method Illuminate\Routing\Route::get does not exist. {"exception":"[object] (BadMethodCallException(code: 0): Method Illuminate\\Routing\\Route::get does not exist. at C:\\Users\\domin\\Desktop\\S\\payroll-superadmin-instance\\vendor\\laravel\\framework\\src\\Illuminate\\Support\\Traits\\Macroable.php:78)
[stacktrace]
#0 C:\\Users\\domin\\Desktop\\S\\payroll-superadmin-instance\\Modules\\Superadmin\\Http\outes.php(6): Illuminate\\Routing\\Route::__callStatic('get', Array)
#1 C:\\Users\\domin\\Desktop\\S\\payroll-superadmin-instance\\Modules\\Superadmin\\start.php(15): require('C:\\\\Users\\\\domin\\\\...')
#2 C:\\Users\\domin\\Desktop\\S\\payroll-superadmin-instance\\vendor\
widart\\laravel-modules\\src\\Module.php(299): include('C:\\\\Users\\\\domin\\\\...')
#3 C:\\Users\\domin\\Desktop\\S\\payroll-superadmin-instance\\vendor\
widart\\laravel-modules\\src\\Module.php(261): Nwidart\\Modules\\Module->registerFiles()
#4 C:\\Users\\domin\\Desktop\\S\\payroll-superadmin-instance\\vendor\
widart\\laravel-modules\\src\\FileRepository.php(322): Nwidart\\Modules\\Module->register()
#5 C:\\Users\\domin\\Desktop\\S\\payroll-superadmin-instance\\vendor\
widart\\laravel-modules\\src\\Providers\\BootstrapServiceProvider.php(23): Nwidart\\Modules\\FileRepository->register()
#6 C:\\Users\\domin\\Desktop\\S\\payroll-superadmin-instance\\vendor\\laravel\\framework\\src\\Illuminate\\Foundation\\Application.php(607): Nwidart\\Modules\\Providers\\BootstrapServiceProvider->register()
#7 C:\\Users\\domin\\Desktop\\S\\payroll-superadmin-instance\\vendor\
widart\\laravel-modules\\src\\ModulesServiceProvider.php(31): Illuminate\\Foundation\\Application->register(Object(Nwidart\\Modules\\Providers\\BootstrapServiceProvider))
#8 C:\\Users\\domin\\Desktop\\S\\payroll-superadmin-instance\\vendor\
widart\\laravel-modules\\src\\LaravelModulesServiceProvider.php(16): Nwidart\\Modules\\ModulesServiceProvider->registerModules()
#9 [internal function]: Nwidart\\Modules\\LaravelModulesServiceProvider->boot()
#10 C:\\Users\\domin\\Desktop\\S\\payroll-superadmin-instance\\vendor\\laravel\\framework\\src\\Illuminate\\Container\\BoundMethod.php(32): call_user_func_array(Array, Array)
#11 C:\\Users\\domin\\Desktop\\S\\payroll-superadmin-instance\\vendor\\laravel\\framework\\src\\Illuminate\\Container\\BoundMethod.php(90): Illuminate\\Container\\BoundMethod::Illuminate\\Container\\{closure}()
#12 C:\\Users\\domin\\Desktop\\S\\payroll-superadmin-instance\\vendor\\laravel\\framework\\src\\Illuminate\\Container\\BoundMethod.php(34): Illuminate\\Container\\BoundMethod::callBoundMethod(Object(Illuminate\\Foundation\\Application), Array, Object(Closure))
#13 C:\\Users\\domin\\Desktop\\S\\payroll-superadmin-instance\\vendor\\laravel\\framework\\src\\Illuminate\\Container\\Container.php(576): Illuminate\\Container\\BoundMethod::call(Object(Illuminate\\Foundation\\Application), Array, Array, NULL)
#14 C:\\Users\\domin\\Desktop\\S\\payroll-superadmin-instance\\vendor\\laravel\\framework\\src\\Illuminate\\Foundation\\Application.php(827): Illuminate\\Container\\Container->call(Array)
#15 C:\\Users\\domin\\Desktop\\S\\payroll-superadmin-instance\\vendor\\laravel\\framework\\src\\Illuminate\\Foundation\\Application.php(810): Illuminate\\Foundation\\Application->bootProvider(Object(Nwidart\\Modules\\LaravelModulesServiceProvider))
#16 [internal function]: Illuminate\\Foundation\\Application->Illuminate\\Foundation\\{closure}(Object(Nwidart\\Modules\\LaravelModulesServiceProvider), 31)
#17 C:\\Users\\domin\\Desktop\\S\\payroll-superadmin-instance\\vendor\\laravel\\framework\\src\\Illuminate\\Foundation\\Application.php(811): array_walk(Array, Object(Closure))
#18 C:\\Users\\domin\\Desktop\\S\\payroll-superadmin-instance\\vendor\\laravel\\framework\\src\\Illuminate\\Foundation\\Bootstrap\\BootProviders.php(17): Illuminate\\Foundation\\Application->boot()
#19 C:\\Users\\domin\\Desktop\\S\\payroll-superadmin-instance\\vendor\\laravel\\framework\\src\\Illuminate\\Foundation\\Application.php(210): Illuminate\\Foundation\\Bootstrap\\BootProviders->bootstrap(Object(Illuminate\\Foundation\\Application))
#20 C:\\Users\\domin\\Desktop\\S\\payroll-superadmin-instance\\vendor\\laravel\\framework\\src\\Illuminate\\Foundation\\Http\\Kernel.php(162): Illuminate\\Foundation\\Application->bootstrapWith(Array)
#21 C:\\Users\\domin\\Desktop\\S\\payroll-superadmin-instance\\vendor\\laravel\\framework\\src\\Illuminate\\Foundation\\Http\\Kernel.php(146): Illuminate\\Foundation\\Http\\Kernel->bootstrap()
#22 C:\\Users\\domin\\Desktop\\S\\payroll-superadmin-instance\\vendor\\laravel\\framework\\src\\Illuminate\\Foundation\\Http\\Kernel.php(116): Illuminate\\Foundation\\Http\\Kernel->sendRequestThroughRouter(Object(Illuminate\\Http\\Request))
#23 C:\\Users\\domin\\Desktop\\S\\payroll-superadmin-instance\\public\\index.php(53): Illuminate\\Foundation\\Http\\Kernel->handle(Object(Illuminate\\Http\\Request))
#24 C:\\Users\\domin\\Desktop\\S\\payroll-superadmin-instance\\server.php(21): require_once('C:\\\\Users\\\\domin\\\\...')
#25 {main}
"} 
[2023-09-16 15:43:34] live.ERROR: Method Illuminate\Routing\Route::get does not exist. {"exception":"[object] (BadMethodCallException(code: 0): Method Illuminate\\Routing\\Route::get does not exist. at C:\\Users\\domin\\Desktop\\S\\payroll-superadmin-instance\\vendor\\laravel\\framework\\src\\Illuminate\\Support\\Traits\\Macroable.php:78)
[stacktrace]
#0 C:\\Users\\domin\\Desktop\\S\\payroll-superadmin-instance\\Modules\\Superadmin\\Http\outes.php(6): Illuminate\\Routing\\Route::__callStatic('get', Array)
#1 C:\\Users\\domin\\Desktop\\S\\payroll-superadmin-instance\\Modules\\Superadmin\\start.php(15): require('C:\\\\Users\\\\domin\\\\...')
#2 C:\\Users\\domin\\Desktop\\S\\payroll-superadmin-instance\\vendor\
widart\\laravel-modules\\src\\Module.php(299): include('C:\\\\Users\\\\domin\\\\...')
#3 C:\\Users\\domin\\Desktop\\S\\payroll-superadmin-instance\\vendor\
widart\\laravel-modules\\src\\Module.php(261): Nwidart\\Modules\\Module->registerFiles()
#4 C:\\Users\\domin\\Desktop\\S\\payroll-superadmin-instance\\vendor\
widart\\laravel-modules\\src\\FileRepository.php(322): Nwidart\\Modules\\Module->register()
#5 C:\\Users\\domin\\Desktop\\S\\payroll-superadmin-instance\\vendor\
widart\\laravel-modules\\src\\Providers\\BootstrapServiceProvider.php(23): Nwidart\\Modules\\FileRepository->register()
#6 C:\\Users\\domin\\Desktop\\S\\payroll-superadmin-instance\\vendor\\laravel\\framework\\src\\Illuminate\\Foundation\\Application.php(607): Nwidart\\Modules\\Providers\\BootstrapServiceProvider->register()
#7 C:\\Users\\domin\\Desktop\\S\\payroll-superadmin-instance\\vendor\
widart\\laravel-modules\\src\\ModulesServiceProvider.php(31): Illuminate\\Foundation\\Application->register(Object(Nwidart\\Modules\\Providers\\BootstrapServiceProvider))
#8 C:\\Users\\domin\\Desktop\\S\\payroll-superadmin-instance\\vendor\
widart\\laravel-modules\\src\\LaravelModulesServiceProvider.php(16): Nwidart\\Modules\\ModulesServiceProvider->registerModules()
#9 [internal function]: Nwidart\\Modules\\LaravelModulesServiceProvider->boot()
#10 C:\\Users\\domin\\Desktop\\S\\payroll-superadmin-instance\\vendor\\laravel\\framework\\src\\Illuminate\\Container\\BoundMethod.php(32): call_user_func_array(Array, Array)
#11 C:\\Users\\domin\\Desktop\\S\\payroll-superadmin-instance\\vendor\\laravel\\framework\\src\\Illuminate\\Container\\BoundMethod.php(90): Illuminate\\Container\\BoundMethod::Illuminate\\Container\\{closure}()
#12 C:\\Users\\domin\\Desktop\\S\\payroll-superadmin-instance\\vendor\\laravel\\framework\\src\\Illuminate\\Container\\BoundMethod.php(34): Illuminate\\Container\\BoundMethod::callBoundMethod(Object(Illuminate\\Foundation\\Application), Array, Object(Closure))
#13 C:\\Users\\domin\\Desktop\\S\\payroll-superadmin-instance\\vendor\\laravel\\framework\\src\\Illuminate\\Container\\Container.php(576): Illuminate\\Container\\BoundMethod::call(Object(Illuminate\\Foundation\\Application), Array, Array, NULL)
#14 C:\\Users\\domin\\Desktop\\S\\payroll-superadmin-instance\\vendor\\laravel\\framework\\src\\Illuminate\\Foundation\\Application.php(827): Illuminate\\Container\\Container->call(Array)
#15 C:\\Users\\domin\\Desktop\\S\\payroll-superadmin-instance\\vendor\\laravel\\framework\\src\\Illuminate\\Foundation\\Application.php(810): Illuminate\\Foundation\\Application->bootProvider(Object(Nwidart\\Modules\\LaravelModulesServiceProvider))
#16 [internal function]: Illuminate\\Foundation\\Application->Illuminate\\Foundation\\{closure}(Object(Nwidart\\Modules\\LaravelModulesServiceProvider), 31)
#17 C:\\Users\\domin\\Desktop\\S\\payroll-superadmin-instance\\vendor\\laravel\\framework\\src\\Illuminate\\Foundation\\Application.php(811): array_walk(Array, Object(Closure))
#18 C:\\Users\\domin\\Desktop\\S\\payroll-superadmin-instance\\vendor\\laravel\\framework\\src\\Illuminate\\Foundation\\Bootstrap\\BootProviders.php(17): Illuminate\\Foundation\\Application->boot()
#19 C:\\Users\\domin\\Desktop\\S\\payroll-superadmin-instance\\vendor\\laravel\\framework\\src\\Illuminate\\Foundation\\Application.php(210): Illuminate\\Foundation\\Bootstrap\\BootProviders->bootstrap(Object(Illuminate\\Foundation\\Application))
#20 C:\\Users\\domin\\Desktop\\S\\payroll-superadmin-instance\\vendor\\laravel\\framework\\src\\Illuminate\\Foundation\\Http\\Kernel.php(162): Illuminate\\Foundation\\Application->bootstrapWith(Array)
#21 C:\\Users\\domin\\Desktop\\S\\payroll-superadmin-instance\\vendor\\laravel\\framework\\src\\Illuminate\\Foundation\\Http\\Kernel.php(146): Illuminate\\Foundation\\Http\\Kernel->bootstrap()
#22 C:\\Users\\domin\\Desktop\\S\\payroll-superadmin-instance\\vendor\\laravel\\framework\\src\\Illuminate\\Foundation\\Http\\Kernel.php(116): Illuminate\\Foundation\\Http\\Kernel->sendRequestThroughRouter(Object(Illuminate\\Http\\Request))
#23 C:\\Users\\domin\\Desktop\\S\\payroll-superadmin-instance\\public\\index.php(53): Illuminate\\Foundation\\Http\\Kernel->handle(Object(Illuminate\\Http\\Request))
#24 C:\\Users\\domin\\Desktop\\S\\payroll-superadmin-instance\\server.php(21): require_once('C:\\\\Users\\\\domin\\\\...')
#25 {main}
"} 
[2023-09-16 15:44:29] live.ERROR: Method Illuminate\Routing\Route::get does not exist. {"exception":"[object] (BadMethodCallException(code: 0): Method Illuminate\\Routing\\Route::get does not exist. at C:\\Users\\domin\\Desktop\\S\\payroll-superadmin-instance\\vendor\\laravel\\framework\\src\\Illuminate\\Support\\Traits\\Macroable.php:78)
[stacktrace]
#0 C:\\Users\\domin\\Desktop\\S\\payroll-superadmin-instance\\Modules\\Superadmin\\Http\outes.php(6): Illuminate\\Routing\\Route::__callStatic('get', Array)
#1 C:\\Users\\domin\\Desktop\\S\\payroll-superadmin-instance\\Modules\\Superadmin\\start.php(15): require('C:\\\\Users\\\\domin\\\\...')
#2 C:\\Users\\domin\\Desktop\\S\\payroll-superadmin-instance\\vendor\
widart\\laravel-modules\\src\\Module.php(299): include('C:\\\\Users\\\\domin\\\\...')
#3 C:\\Users\\domin\\Desktop\\S\\payroll-superadmin-instance\\vendor\
widart\\laravel-modules\\src\\Module.php(261): Nwidart\\Modules\\Module->registerFiles()
#4 C:\\Users\\domin\\Desktop\\S\\payroll-superadmin-instance\\vendor\
widart\\laravel-modules\\src\\FileRepository.php(322): Nwidart\\Modules\\Module->register()
#5 C:\\Users\\domin\\Desktop\\S\\payroll-superadmin-instance\\vendor\
widart\\laravel-modules\\src\\Providers\\BootstrapServiceProvider.php(23): Nwidart\\Modules\\FileRepository->register()
#6 C:\\Users\\domin\\Desktop\\S\\payroll-superadmin-instance\\vendor\\laravel\\framework\\src\\Illuminate\\Foundation\\Application.php(607): Nwidart\\Modules\\Providers\\BootstrapServiceProvider->register()
#7 C:\\Users\\domin\\Desktop\\S\\payroll-superadmin-instance\\vendor\
widart\\laravel-modules\\src\\ModulesServiceProvider.php(31): Illuminate\\Foundation\\Application->register(Object(Nwidart\\Modules\\Providers\\BootstrapServiceProvider))
#8 C:\\Users\\domin\\Desktop\\S\\payroll-superadmin-instance\\vendor\
widart\\laravel-modules\\src\\LaravelModulesServiceProvider.php(16): Nwidart\\Modules\\ModulesServiceProvider->registerModules()
#9 [internal function]: Nwidart\\Modules\\LaravelModulesServiceProvider->boot()
#10 C:\\Users\\domin\\Desktop\\S\\payroll-superadmin-instance\\vendor\\laravel\\framework\\src\\Illuminate\\Container\\BoundMethod.php(32): call_user_func_array(Array, Array)
#11 C:\\Users\\domin\\Desktop\\S\\payroll-superadmin-instance\\vendor\\laravel\\framework\\src\\Illuminate\\Container\\BoundMethod.php(90): Illuminate\\Container\\BoundMethod::Illuminate\\Container\\{closure}()
#12 C:\\Users\\domin\\Desktop\\S\\payroll-superadmin-instance\\vendor\\laravel\\framework\\src\\Illuminate\\Container\\BoundMethod.php(34): Illuminate\\Container\\BoundMethod::callBoundMethod(Object(Illuminate\\Foundation\\Application), Array, Object(Closure))
#13 C:\\Users\\domin\\Desktop\\S\\payroll-superadmin-instance\\vendor\\laravel\\framework\\src\\Illuminate\\Container\\Container.php(576): Illuminate\\Container\\BoundMethod::call(Object(Illuminate\\Foundation\\Application), Array, Array, NULL)
#14 C:\\Users\\domin\\Desktop\\S\\payroll-superadmin-instance\\vendor\\laravel\\framework\\src\\Illuminate\\Foundation\\Application.php(827): Illuminate\\Container\\Container->call(Array)
#15 C:\\Users\\domin\\Desktop\\S\\payroll-superadmin-instance\\vendor\\laravel\\framework\\src\\Illuminate\\Foundation\\Application.php(810): Illuminate\\Foundation\\Application->bootProvider(Object(Nwidart\\Modules\\LaravelModulesServiceProvider))
#16 [internal function]: Illuminate\\Foundation\\Application->Illuminate\\Foundation\\{closure}(Object(Nwidart\\Modules\\LaravelModulesServiceProvider), 32)
#17 C:\\Users\\domin\\Desktop\\S\\payroll-superadmin-instance\\vendor\\laravel\\framework\\src\\Illuminate\\Foundation\\Application.php(811): array_walk(Array, Object(Closure))
#18 C:\\Users\\domin\\Desktop\\S\\payroll-superadmin-instance\\vendor\\laravel\\framework\\src\\Illuminate\\Foundation\\Bootstrap\\BootProviders.php(17): Illuminate\\Foundation\\Application->boot()
#19 C:\\Users\\domin\\Desktop\\S\\payroll-superadmin-instance\\vendor\\laravel\\framework\\src\\Illuminate\\Foundation\\Application.php(210): Illuminate\\Foundation\\Bootstrap\\BootProviders->bootstrap(Object(Illuminate\\Foundation\\Application))
#20 C:\\Users\\domin\\Desktop\\S\\payroll-superadmin-instance\\vendor\\laravel\\framework\\src\\Illuminate\\Foundation\\Console\\Kernel.php(322): Illuminate\\Foundation\\Application->bootstrapWith(Array)
#21 C:\\Users\\domin\\Desktop\\S\\payroll-superadmin-instance\\vendor\\laravel\\framework\\src\\Illuminate\\Foundation\\Console\\Kernel.php(131): Illuminate\\Foundation\\Console\\Kernel->bootstrap()
#22 C:\\Users\\domin\\Desktop\\S\\payroll-superadmin-instance\\artisan(35): Illuminate\\Foundation\\Console\\Kernel->handle(Object(Symfony\\Component\\Console\\Input\\ArgvInput), Object(Symfony\\Component\\Console\\Output\\ConsoleOutput))
#23 {main}
"} 
[2023-09-16 15:51:13] live.ERROR: Method Modules\Superadmin\Http\Controllers\PricingController::index does not exist. {"exception":"[object] (BadMethodCallException(code: 0): Method Modules\\Superadmin\\Http\\Controllers\\PricingController::index does not exist. at C:\\Users\\domin\\Desktop\\S\\payroll-superadmin-instance\\vendor\\laravel\\framework\\src\\Illuminate\\Routing\\Controller.php:68)
[stacktrace]
#0 [internal function]: Illuminate\\Routing\\Controller->__call('index', Array)
#1 C:\\Users\\domin\\Desktop\\S\\payroll-superadmin-instance\\vendor\\laravel\\framework\\src\\Illuminate\\Routing\\Controller.php(54): call_user_func_array(Array, Array)
#2 C:\\Users\\domin\\Desktop\\S\\payroll-superadmin-instance\\vendor\\laravel\\framework\\src\\Illuminate\\Routing\\ControllerDispatcher.php(45): Illuminate\\Routing\\Controller->callAction('index', Array)
#3 C:\\Users\\domin\\Desktop\\S\\payroll-superadmin-instance\\vendor\\laravel\\framework\\src\\Illuminate\\Routing\\Route.php(219): Illuminate\\Routing\\ControllerDispatcher->dispatch(Object(Illuminate\\Routing\\Route), Object(Modules\\Superadmin\\Http\\Controllers\\PricingController), 'index')
#4 C:\\Users\\domin\\Desktop\\S\\payroll-superadmin-instance\\vendor\\laravel\\framework\\src\\Illuminate\\Routing\\Route.php(176): Illuminate\\Routing\\Route->runController()
#5 C:\\Users\\domin\\Desktop\\S\\payroll-superadmin-instance\\vendor\\laravel\\framework\\src\\Illuminate\\Routing\\Router.php(680): Illuminate\\Routing\\Route->run()
#6 C:\\Users\\domin\\Desktop\\S\\payroll-superadmin-instance\\vendor\\laravel\\framework\\src\\Illuminate\\Routing\\Pipeline.php(30): Illuminate\\Routing\\Router->Illuminate\\Routing\\{closure}(Object(Illuminate\\Http\\Request))
#7 C:\\Users\\domin\\Desktop\\S\\payroll-superadmin-instance\\vendor\\laravel\\framework\\src\\Illuminate\\Pipeline\\Pipeline.php(104): Illuminate\\Routing\\Pipeline->Illuminate\\Routing\\{closure}(Object(Illuminate\\Http\\Request))
#8 C:\\Users\\domin\\Desktop\\S\\payroll-superadmin-instance\\vendor\\laravel\\framework\\src\\Illuminate\\Routing\\Router.php(682): Illuminate\\Pipeline\\Pipeline->then(Object(Closure))
#9 C:\\Users\\domin\\Desktop\\S\\payroll-superadmin-instance\\vendor\\laravel\\framework\\src\\Illuminate\\Routing\\Router.php(657): Illuminate\\Routing\\Router->runRouteWithinStack(Object(Illuminate\\Routing\\Route), Object(Illuminate\\Http\\Request))
#10 C:\\Users\\domin\\Desktop\\S\\payroll-superadmin-instance\\vendor\\laravel\\framework\\src\\Illuminate\\Routing\\Router.php(623): Illuminate\\Routing\\Router->runRoute(Object(Illuminate\\Http\\Request), Object(Illuminate\\Routing\\Route))
#11 C:\\Users\\domin\\Desktop\\S\\payroll-superadmin-instance\\vendor\\laravel\\framework\\src\\Illuminate\\Routing\\Router.php(612): Illuminate\\Routing\\Router->dispatchToRoute(Object(Illuminate\\Http\\Request))
#12 C:\\Users\\domin\\Desktop\\S\\payroll-superadmin-instance\\vendor\\laravel\\framework\\src\\Illuminate\\Foundation\\Http\\Kernel.php(176): Illuminate\\Routing\\Router->dispatch(Object(Illuminate\\Http\\Request))
#13 C:\\Users\\domin\\Desktop\\S\\payroll-superadmin-instance\\vendor\\laravel\\framework\\src\\Illuminate\\Routing\\Pipeline.php(30): Illuminate\\Foundation\\Http\\Kernel->Illuminate\\Foundation\\Http\\{closure}(Object(Illuminate\\Http\\Request))
#14 C:\\Users\\domin\\Desktop\\S\\payroll-superadmin-instance\\vendor\\barryvdh\\laravel-debugbar\\src\\Middleware\\InjectDebugbar.php(58): Illuminate\\Routing\\Pipeline->Illuminate\\Routing\\{closure}(Object(Illuminate\\Http\\Request))
#15 C:\\Users\\domin\\Desktop\\S\\payroll-superadmin-instance\\vendor\\laravel\\framework\\src\\Illuminate\\Pipeline\\Pipeline.php(163): Barryvdh\\Debugbar\\Middleware\\InjectDebugbar->handle(Object(Illuminate\\Http\\Request), Object(Closure))
#16 C:\\Users\\domin\\Desktop\\S\\payroll-superadmin-instance\\vendor\\laravel\\framework\\src\\Illuminate\\Routing\\Pipeline.php(53): Illuminate\\Pipeline\\Pipeline->Illuminate\\Pipeline\\{closure}(Object(Illuminate\\Http\\Request))
#17 C:\\Users\\domin\\Desktop\\S\\payroll-superadmin-instance\\vendor\\fideloper\\proxy\\src\\TrustProxies.php(57): Illuminate\\Routing\\Pipeline->Illuminate\\Routing\\{closure}(Object(Illuminate\\Http\\Request))
#18 C:\\Users\\domin\\Desktop\\S\\payroll-superadmin-instance\\vendor\\laravel\\framework\\src\\Illuminate\\Pipeline\\Pipeline.php(163): Fideloper\\Proxy\\TrustProxies->handle(Object(Illuminate\\Http\\Request), Object(Closure))
#19 C:\\Users\\domin\\Desktop\\S\\payroll-superadmin-instance\\vendor\\laravel\\framework\\src\\Illuminate\\Routing\\Pipeline.php(53): Illuminate\\Pipeline\\Pipeline->Illuminate\\Pipeline\\{closure}(Object(Illuminate\\Http\\Request))
#20 C:\\Users\\domin\\Desktop\\S\\payroll-superadmin-instance\\vendor\\laravel\\framework\\src\\Illuminate\\Foundation\\Http\\Middleware\\TransformsRequest.php(21): Illuminate\\Routing\\Pipeline->Illuminate\\Routing\\{closure}(Object(Illuminate\\Http\\Request))
#21 C:\\Users\\domin\\Desktop\\S\\payroll-superadmin-instance\\vendor\\laravel\\framework\\src\\Illuminate\\Pipeline\\Pipeline.php(163): Illuminate\\Foundation\\Http\\Middleware\\TransformsRequest->handle(Object(Illuminate\\Http\\Request), Object(Closure))
#22 C:\\Users\\domin\\Desktop\\S\\payroll-superadmin-instance\\vendor\\laravel\\framework\\src\\Illuminate\\Routing\\Pipeline.php(53): Illuminate\\Pipeline\\Pipeline->Illuminate\\Pipeline\\{closure}(Object(Illuminate\\Http\\Request))
#23 C:\\Users\\domin\\Desktop\\S\\payroll-superadmin-instance\\vendor\\laravel\\framework\\src\\Illuminate\\Foundation\\Http\\Middleware\\TransformsRequest.php(21): Illuminate\\Routing\\Pipeline->Illuminate\\Routing\\{closure}(Object(Illuminate\\Http\\Request))
#24 C:\\Users\\domin\\Desktop\\S\\payroll-superadmin-instance\\vendor\\laravel\\framework\\src\\Illuminate\\Pipeline\\Pipeline.php(163): Illuminate\\Foundation\\Http\\Middleware\\TransformsRequest->handle(Object(Illuminate\\Http\\Request), Object(Closure))
#25 C:\\Users\\domin\\Desktop\\S\\payroll-superadmin-instance\\vendor\\laravel\\framework\\src\\Illuminate\\Routing\\Pipeline.php(53): Illuminate\\Pipeline\\Pipeline->Illuminate\\Pipeline\\{closure}(Object(Illuminate\\Http\\Request))
#26 C:\\Users\\domin\\Desktop\\S\\payroll-superadmin-instance\\vendor\\laravel\\framework\\src\\Illuminate\\Foundation\\Http\\Middleware\\ValidatePostSize.php(27): Illuminate\\Routing\\Pipeline->Illuminate\\Routing\\{closure}(Object(Illuminate\\Http\\Request))
#27 C:\\Users\\domin\\Desktop\\S\\payroll-superadmin-instance\\vendor\\laravel\\framework\\src\\Illuminate\\Pipeline\\Pipeline.php(163): Illuminate\\Foundation\\Http\\Middleware\\ValidatePostSize->handle(Object(Illuminate\\Http\\Request), Object(Closure))
#28 C:\\Users\\domin\\Desktop\\S\\payroll-superadmin-instance\\vendor\\laravel\\framework\\src\\Illuminate\\Routing\\Pipeline.php(53): Illuminate\\Pipeline\\Pipeline->Illuminate\\Pipeline\\{closure}(Object(Illuminate\\Http\\Request))
#29 C:\\Users\\domin\\Desktop\\S\\payroll-superadmin-instance\\vendor\\laravel\\framework\\src\\Illuminate\\Foundation\\Http\\Middleware\\CheckForMaintenanceMode.php(62): Illuminate\\Routing\\Pipeline->Illuminate\\Routing\\{closure}(Object(Illuminate\\Http\\Request))
#30 C:\\Users\\domin\\Desktop\\S\\payroll-superadmin-instance\\vendor\\laravel\\framework\\src\\Illuminate\\Pipeline\\Pipeline.php(163): Illuminate\\Foundation\\Http\\Middleware\\CheckForMaintenanceMode->handle(Object(Illuminate\\Http\\Request), Object(Closure))
#31 C:\\Users\\domin\\Desktop\\S\\payroll-superadmin-instance\\vendor\\laravel\\framework\\src\\Illuminate\\Routing\\Pipeline.php(53): Illuminate\\Pipeline\\Pipeline->Illuminate\\Pipeline\\{closure}(Object(Illuminate\\Http\\Request))
#32 C:\\Users\\domin\\Desktop\\S\\payroll-superadmin-instance\\vendor\\laravel\\framework\\src\\Illuminate\\Pipeline\\Pipeline.php(104): Illuminate\\Routing\\Pipeline->Illuminate\\Routing\\{closure}(Object(Illuminate\\Http\\Request))
#33 C:\\Users\\domin\\Desktop\\S\\payroll-superadmin-instance\\vendor\\laravel\\framework\\src\\Illuminate\\Foundation\\Http\\Kernel.php(151): Illuminate\\Pipeline\\Pipeline->then(Object(Closure))
#34 C:\\Users\\domin\\Desktop\\S\\payroll-superadmin-instance\\vendor\\laravel\\framework\\src\\Illuminate\\Foundation\\Http\\Kernel.php(116): Illuminate\\Foundation\\Http\\Kernel->sendRequestThroughRouter(Object(Illuminate\\Http\\Request))
#35 C:\\Users\\domin\\Desktop\\S\\payroll-superadmin-instance\\public\\index.php(53): Illuminate\\Foundation\\Http\\Kernel->handle(Object(Illuminate\\Http\\Request))
#36 C:\\Users\\domin\\Desktop\\S\\payroll-superadmin-instance\\server.php(21): require_once('C:\\\\Users\\\\domin\\\\...')
#37 {main}
"} 
